2025-08-22 05:28:57,004 - __main__ - INFO - Starting the Scraper
2025-08-22 05:28:57,011 - duck_db.database - INFO - Tables 'products' and 'reviews' are ready.
2025-08-22 05:28:57,011 - duck_db.database - INFO - Successfully connected to database: /Users/jayeshbhatia/PycharmProjects/SPTAssignment/data/newegg_product.duckdb
2025-08-22 05:28:57,667 - web_scraper.scraper - INFO - Navigating to page... This may take a moment due to Cloudflare checks.
2025-08-22 05:29:06,548 - web_scraper.scraper - INFO - Successfully navigated to page and bypassed Cloudflare.
2025-08-22 05:29:06,548 - web_scraper.data_parser - INFO - Extracting product information from page...
2025-08-22 05:29:06,571 - duck_db.database - INFO - Inserted new product 'AMD Ryzen 7 9800X3D - Ryzen 7 9000 Series Zen 5 8-Core 5.2 GHz - Socket AM5 120W - AMD Radeon Graphics Desktop Processor - 100-100001084WOF' with ID: 1
2025-08-22 05:29:06,571 - __main__ - INFO - Product 'AMD Ryzen 7 9800X3D - Ryzen 7 9000 Series Zen 5 8-Core 5.2 GHz - Socket AM5 120W - AMD Radeon Graphics Desktop Processor - 100-100001084WOF' data saved with ID: 1
2025-08-22 05:29:06,571 - web_scraper.scraper - INFO - Navigating to reviews tab...
2025-08-22 05:29:09,176 - web_scraper.scraper - INFO - Navigating to page 2...
2025-08-22 05:29:10,813 - web_scraper.scraper - INFO - Navigating to page 3...
2025-08-22 05:29:12,996 - web_scraper.scraper - INFO - Navigating to page 4...
2025-08-22 05:29:15,997 - web_scraper.scraper - INFO - Navigating to page 5...
2025-08-22 05:29:17,484 - web_scraper.scraper - INFO - Navigating to page 6...
2025-08-22 05:29:20,676 - web_scraper.scraper - INFO - Navigating to page 7...
2025-08-22 05:29:22,107 - web_scraper.scraper - INFO - Navigating to page 8...
2025-08-22 05:29:25,095 - web_scraper.scraper - INFO - Navigating to page 9...
2025-08-22 05:29:26,663 - web_scraper.scraper - INFO - Last page of reviews reached.
2025-08-22 05:29:26,843 - __main__ - INFO - Successfully saved 217 reviews.
2025-08-22 05:29:26,843 - web_scraper.scraper - INFO - Closing browser.
2025-08-22 05:29:26,948 - duck_db.database - INFO - Database connection closed.
2025-08-22 05:29:26,948 - __main__ - INFO - Scraper finished
